Looking for genesis block...
Genesis block found

Other nodes can connect to this node using:
multichaind combchain@10.4.201.82:4793

Listening for API requests on port 4792 (local only - see rpcallowip setting)

Node ready.


MultiChain 2.2 Daemon (Community Edition, latest protocol 20013)

Starting up node...

--CHAIN CREATION--
Created chain
Chain construction complete! Chain name: combchain


 Time elapsed:


00:00:01


 Total memory in bytes:


57298944
--STREAM CONSTRUCTION--
Created device_exposure streams
Created visit_occurrence streams
Created specimen streams
Created observation streams
Created procedure_occurrence streams
Created measurement streams
Created condition_occurrence streams
Created drug_exposure streams


 Time elapsed:


00:00:05


 Total memory in bytes:


57548800
CPUs available: 40
--STREAM CREATION--
Stream construction complete!


 Time elapsed:


00:00:00


 Total memory in bytes:


57270272
--STREAM CREATION--
Stream construction complete!


 Time elapsed:


00:00:03


 Total memory in bytes:


57290752
CPUs available: 40
Subscribed to streams
{"method":"liststreamitems","params":["chrom_10",false,9999999999999999],"id":"52216039-1668122540","chain_name":"combchain"}

{"method":"liststreamitems","params":["chrom_15",false,9999999999999999],"id":"52216039-1668122540","chain_name":"combchain"}

{"method":"liststreamitems","params":["chrom_19",false,9999999999999999],"id":"52216039-1668122540","chain_name":"combchain"}

{"method":"liststreamitems","params":["chrom_22",false,9999999999999999],"id":"52216039-1668122540","chain_name":"combchain"}

{"method":"liststreamitems","params":["chrom_17",false,9999999999999999],"id":"52216039-1668122540","chain_name":"combchain"}

{"method":"liststreamitems","params":["chrom_2",false,9999999999999999],"id":"52216039-1668122540","chain_name":"combchain"}

{"method":"liststreamitems","params":["chrom_1",false,9999999999999999],"id":"52216039-1668122540","chain_name":"combchain"}

{"method":"liststreamitems","params":["chrom_18",false,9999999999999999],"id":"52216039-1668122540","chain_name":"combchain"}

{"method":"liststreamitems","params":["chrom_20",false,9999999999999999],"id":"52216039-1668122540","chain_name":"combchain"}

{"method":"liststreamitems","params":["chrom_4",false,9999999999999999],"id":"52216039-1668122540","chain_name":"combchain"}

{"method":"liststreamitems","params":["chrom_8",false,9999999999999999],"id":"52216039-1668122540","chain_name":"combchain"}

{"method":"liststreamitems","params":["chrom_16",false,9999999999999999],"id":"52216039-1668122540","chain_name":"combchain"}

{"method":"liststreamitems","params":["chrom_6",false,9999999999999999],"id":"52216039-1668122540","chain_name":"combchain"}

{"method":"liststreamitems","params":["chrom_7",false,9999999999999999],"id":"52216039-1668122540","chain_name":"combchain"}

{"method":"liststreamitems","params":["chrom_11",false,9999999999999999],"id":"52216039-1668122540","chain_name":"combchain"}

{"method":"liststreamitems","params":["chrom_5",false,9999999999999999],"id":"52216039-1668122540","chain_name":"combchain"}

{"method":"liststreamitems","params":["chrom_9",false,9999999999999999],"id":"52216039-1668122540","chain_name":"combchain"}

{"method":"liststreamitems","params":["chrom_13",false,9999999999999999],"id":"52216039-1668122540","chain_name":"combchain"}

{"method":"liststreamitems","params":["chrom_21",false,9999999999999999],"id":"52216039-1668122540","chain_name":"combchain"}

{"method":"liststreamitems","params":["chrom_3",false,9999999999999999],"id":"52216039-1668122540","chain_name":"combchain"}

{"method":"liststreamitems","params":["chrom_14",false,9999999999999999],"id":"52216039-1668122540","chain_name":"combchain"}

{"method":"liststreamitems","params":["chrom_12",false,9999999999999999],"id":"52216039-1668122540","chain_name":"combchain"}

CPUs available: 40
Subscribed to streams
Published to Mapping streams
Subscribed to condition_occurrence table
Subscribed to drug_exposure table
Subscribed to device_exposure table
Subscribed to observation table
Subscribed to procedure_occurrence table
Subscribed to specimen table
Subscribed to visit_occurrence table
Published mapping stream for condition_occurrence
Inserted condition_occurrence


 Time elapsed:


00:01:32
Inserted to condition_occurrence


 Time elapsed:


00:01:48
Published mapping stream for drug_exposure
Inserted drug_exposure


 Time elapsed:


00:02:58
Inserted device_exposure


 Time elapsed:


00:03:15
Inserted to drug_exposure


 Time elapsed:


00:03:48
Published mapping stream for device_exposure
Inserted to device_exposure


 Time elapsed:


00:04:14
Published mapping stream for observation
Inserted observation


 Time elapsed:


00:06:01
Inserted to observation


 Time elapsed:


00:07:15
Published mapping stream for procedure_occurrence
Inserted procedure_occurrence


 Time elapsed:


00:07:27
Inserted specimen


 Time elapsed:


00:07:28
Inserted visit_occurrence


 Time elapsed:


00:07:31


 Time elapsed:


00:07:31


 Total memory in bytes:


80977920
Inserted to procedure_occurrence


 Time elapsed:


00:08:33
Published mapping stream for specimen
Inserted to specimen


 Time elapsed:


00:08:37
Published mapping stream for visit_occurrence
Inserted to visit_occurrence


 Time elapsed:


00:08:46


 Time elapsed:


00:08:46


 Total memory in bytes:


112869376
slurmstepd: error: *** JOB 29453199 ON pe2cc2-072 CANCELLED AT 2022-11-10T18:38:17 ***
