Looking for genesis block...
Genesis block found

Other nodes can connect to this node using:
multichaind combchain@10.4.200.77:2693

Listening for API requests on port 2692 (local only - see rpcallowip setting)

Node ready.


MultiChain 2.2 Daemon (Community Edition, latest protocol 20013)

Starting up node...

--CHAIN CREATION--
Created chain
Chain construction complete! Chain name: combchain


 Time elapsed:


00:00:01


 Total memory in bytes:


57511936
--STREAM CONSTRUCTION--
Created device_exposure streams
Created visit_occurrence streams
Created observation streams
Created procedure_occurrence streams
Created specimen streams
Created measurement streams
Created condition_occurrence streams
Created drug_exposure streams


 Time elapsed:


00:00:05


 Total memory in bytes:


57769984
CPUs available: 56
Subscribed to condition_occurrence table
Subscribed to drug_exposure table
Subscribed to device_exposure table
Subscribed to observation table
Subscribed to procedure_occurrence table
Subscribed to specimen table
Subscribed to visit_occurrence table
Published mapping stream for condition_occurrence
Inserted to condition_occurrence


 Time elapsed:


00:00:51
Published mapping stream for drug_exposure
Inserted to drug_exposure


 Time elapsed:


00:02:22
Published mapping stream for device_exposure
Inserted to device_exposure


 Time elapsed:


00:02:38
Published mapping stream for observation
Inserted to observation


 Time elapsed:


00:04:13
Published mapping stream for procedure_occurrence
Inserted to procedure_occurrence


 Time elapsed:


00:05:20
Published mapping stream for specimen
Inserted to specimen


 Time elapsed:


00:05:24
Published mapping stream for visit_occurrence
Inserted to visit_occurrence


 Time elapsed:


00:05:30


 Time elapsed:


00:05:30


 Total memory in bytes:


104087552
--STREAM CREATION--
Stream construction complete!


 Time elapsed:


00:00:14


 Total memory in bytes:


57503744
CPUs available: 56
Subscribed to streams
Published to Mapping streams
Inserted condition_occurrence


 Time elapsed:


00:00:48
Inserted drug_exposure


 Time elapsed:


00:01:39
Inserted device_exposure


 Time elapsed:


00:01:48
Inserted observation


 Time elapsed:


00:03:13
Inserted procedure_occurrence


 Time elapsed:


00:04:04
Inserted specimen


 Time elapsed:


00:04:04
Inserted visit_occurrence


 Time elapsed:


00:04:06


 Time elapsed:


00:04:06


 Total memory in bytes:


81416192
--STREAM CREATION--
Stream construction complete!


 Time elapsed:


00:00:25


 Total memory in bytes:


57503744
CPUs available: 56
Subscribed to streams
{"method":"liststreamitems","params":["chrom_12",false,9999999999999999],"id":"28373245-1668371457","chain_name":"combchain"}

{"method":"liststreamitems","params":["chrom_17",false,9999999999999999],"id":"28373245-1668371457","chain_name":"combchain"}

{"method":"liststreamitems","params":["chrom_7",false,9999999999999999],"id":"28373245-1668371457","chain_name":"combchain"}

{"method":"liststreamitems","params":["chrom_2",false,9999999999999999],"id":"28373245-1668371457","chain_name":"combchain"}

{"method":"liststreamitems","params":["chrom_9",false,9999999999999999],"id":"28373245-1668371457","chain_name":"combchain"}

{"method":"liststreamitems","params":["chrom_10",false,9999999999999999],"id":"28373245-1668371457","chain_name":"combchain"}

{"method":"liststreamitems","params":["chrom_4",false,9999999999999999],"id":"28373245-1668371457","chain_name":"combchain"}

{"method":"liststreamitems","params":["chrom_11",false,9999999999999999],"id":"28373245-1668371457","chain_name":"combchain"}

{"method":"liststreamitems","params":["chrom_1",false,9999999999999999],"id":"28373245-1668371457","chain_name":"combchain"}

{"method":"liststreamitems","params":["chrom_21",false,9999999999999999],"id":"28373245-1668371457","chain_name":"combchain"}

{"method":"liststreamitems","params":["chrom_3",false,9999999999999999],"id":"28373245-1668371457","chain_name":"combchain"}

{"method":"liststreamitems","params":["chrom_16",false,9999999999999999],"id":"28373245-1668371457","chain_name":"combchain"}

{"method":"liststreamitems","params":["chrom_18",false,9999999999999999],"id":"28373245-1668371457","chain_name":"combchain"}

{"method":"liststreamitems","params":["chrom_13",false,9999999999999999],"id":"28373245-1668371457","chain_name":"combchain"}

{"method":"liststreamitems","params":["chrom_22",false,9999999999999999],"id":"28373245-1668371457","chain_name":"combchain"}

{"method":"liststreamitems","params":["chrom_20",false,9999999999999999],"id":"28373245-1668371457","chain_name":"combchain"}

{"method":"liststreamitems","params":["chrom_8",false,9999999999999999],"id":"28373245-1668371457","chain_name":"combchain"}

{"method":"liststreamitems","params":["chrom_6",false,9999999999999999],"id":"28373245-1668371457","chain_name":"combchain"}

{"method":"liststreamitems","params":["chrom_19",false,9999999999999999],"id":"28373245-1668371457","chain_name":"combchain"}

{"method":"liststreamitems","params":["chrom_5",false,9999999999999999],"id":"28373245-1668371457","chain_name":"combchain"}

{"method":"liststreamitems","params":["chrom_15",false,9999999999999999],"id":"28373245-1668371457","chain_name":"combchain"}

{"method":"liststreamitems","params":["chrom_14",false,9999999999999999],"id":"28373245-1668371457","chain_name":"combchain"}

Inserted /gpfs/commons/groups/gursoy_lab/aelhussein/Code/public_access_code/data/vcf/chr_12.vcf.gz
Inserted /gpfs/commons/groups/gursoy_lab/aelhussein/Code/public_access_code/data/vcf/chr_2.vcf.gz
Inserted /gpfs/commons/groups/gursoy_lab/aelhussein/Code/public_access_code/data/vcf/chr_5.vcf.gz
Inserted /gpfs/commons/groups/gursoy_lab/aelhussein/Code/public_access_code/data/vcf/chr_15.vcf.gz
Inserted /gpfs/commons/groups/gursoy_lab/aelhussein/Code/public_access_code/data/vcf/chr_17.vcf.gz
Inserted /gpfs/commons/groups/gursoy_lab/aelhussein/Code/public_access_code/data/vcf/chr_18.vcf.gz
Inserted /gpfs/commons/groups/gursoy_lab/aelhussein/Code/public_access_code/data/vcf/chr_4.vcf.gz
Inserted /gpfs/commons/groups/gursoy_lab/aelhussein/Code/public_access_code/data/vcf/chr_16.vcf.gz
Inserted /gpfs/commons/groups/gursoy_lab/aelhussein/Code/public_access_code/data/vcf/chr_22.vcf.gz
Inserted /gpfs/commons/groups/gursoy_lab/aelhussein/Code/public_access_code/data/vcf/chr_20.vcf.gz
Inserted /gpfs/commons/groups/gursoy_lab/aelhussein/Code/public_access_code/data/vcf/chr_1.vcf.gz
Inserted /gpfs/commons/groups/gursoy_lab/aelhussein/Code/public_access_code/data/vcf/chr_9.vcf.gz
Inserted /gpfs/commons/groups/gursoy_lab/aelhussein/Code/public_access_code/data/vcf/chr_6.vcf.gz
Inserted /gpfs/commons/groups/gursoy_lab/aelhussein/Code/public_access_code/data/vcf/chr_13.vcf.gz
Inserted /gpfs/commons/groups/gursoy_lab/aelhussein/Code/public_access_code/data/vcf/chr_19.vcf.gz
Inserted /gpfs/commons/groups/gursoy_lab/aelhussein/Code/public_access_code/data/vcf/chr_11.vcf.gz
Inserted /gpfs/commons/groups/gursoy_lab/aelhussein/Code/public_access_code/data/vcf/chr_21.vcf.gz
Inserted /gpfs/commons/groups/gursoy_lab/aelhussein/Code/public_access_code/data/vcf/chr_10.vcf.gz
Inserted /gpfs/commons/groups/gursoy_lab/aelhussein/Code/public_access_code/data/vcf/chr_8.vcf.gz
Inserted /gpfs/commons/groups/gursoy_lab/aelhussein/Code/public_access_code/data/vcf/chr_14.vcf.gz
Inserted /gpfs/commons/groups/gursoy_lab/aelhussein/Code/public_access_code/data/vcf/chr_7.vcf.gz
Inserted /gpfs/commons/groups/gursoy_lab/aelhussein/Code/public_access_code/data/vcf/chr_3.vcf.gz


 Time elapsed:


00:00:12


 Total memory in bytes:


58568704
CPUs available: 56
Subscribed to streams
Inserted /gpfs/commons/groups/gursoy_lab/aelhussein/Code/public_access_code/data/vcf/chr_12.vcf.gz
Inserted /gpfs/commons/groups/gursoy_lab/aelhussein/Code/public_access_code/data/vcf/chr_2.vcf.gz
Inserted /gpfs/commons/groups/gursoy_lab/aelhussein/Code/public_access_code/data/vcf/chr_4.vcf.gz
Inserted /gpfs/commons/groups/gursoy_lab/aelhussein/Code/public_access_code/data/vcf/chr_22.vcf.gz
Inserted /gpfs/commons/groups/gursoy_lab/aelhussein/Code/public_access_code/data/vcf/chr_5.vcf.gz
Inserted /gpfs/commons/groups/gursoy_lab/aelhussein/Code/public_access_code/data/vcf/chr_1.vcf.gz
Inserted /gpfs/commons/groups/gursoy_lab/aelhussein/Code/public_access_code/data/vcf/chr_15.vcf.gz
Inserted /gpfs/commons/groups/gursoy_lab/aelhussein/Code/public_access_code/data/vcf/chr_6.vcf.gz
Inserted /gpfs/commons/groups/gursoy_lab/aelhussein/Code/public_access_code/data/vcf/chr_20.vcf.gz
Inserted /gpfs/commons/groups/gursoy_lab/aelhussein/Code/public_access_code/data/vcf/chr_18.vcf.gz
Inserted /gpfs/commons/groups/gursoy_lab/aelhussein/Code/public_access_code/data/vcf/chr_19.vcf.gz
Inserted /gpfs/commons/groups/gursoy_lab/aelhussein/Code/public_access_code/data/vcf/chr_13.vcf.gz
Inserted /gpfs/commons/groups/gursoy_lab/aelhussein/Code/public_access_code/data/vcf/chr_8.vcf.gz
Inserted /gpfs/commons/groups/gursoy_lab/aelhussein/Code/public_access_code/data/vcf/chr_17.vcf.gz
Inserted /gpfs/commons/groups/gursoy_lab/aelhussein/Code/public_access_code/data/vcf/chr_9.vcf.gz
Inserted /gpfs/commons/groups/gursoy_lab/aelhussein/Code/public_access_code/data/vcf/chr_21.vcf.gz
Inserted /gpfs/commons/groups/gursoy_lab/aelhussein/Code/public_access_code/data/vcf/chr_16.vcf.gz
Inserted /gpfs/commons/groups/gursoy_lab/aelhussein/Code/public_access_code/data/vcf/chr_10.vcf.gz
Inserted /gpfs/commons/groups/gursoy_lab/aelhussein/Code/public_access_code/data/vcf/chr_7.vcf.gz
Inserted /gpfs/commons/groups/gursoy_lab/aelhussein/Code/public_access_code/data/vcf/chr_11.vcf.gz
Inserted /gpfs/commons/groups/gursoy_lab/aelhussein/Code/public_access_code/data/vcf/chr_3.vcf.gz
Inserted /gpfs/commons/groups/gursoy_lab/aelhussein/Code/public_access_code/data/vcf/chr_14.vcf.gz


 Time elapsed:


00:00:55


 Total memory in bytes:


58589184
